Arguments: 
  C:\Program Files\nodejs\node.exe C:\Users\JEAN SAID\AppData\Roaming\npm\node_modules\yarn\bin\yarn.js add axious

PATH: 
  C:\Program Files (x86)\Common Files\Oracle\Java\javapath;C:\Program Files (x86)\Common Files\Intel\Shared Libraries\redist\intel64\compiler;C:\WINDOWS\system32;C:\WINDOWS;C:\WINDOWS\System32\Wbem;C:\WINDOWS\System32\WindowsPowerShell\v1.0\;C:\WINDOWS\System32\OpenSSH\;C:\xampp\php;C:\ProgramData\ComposerSetup\bin;C:\Program Files\Git\cmd;C:\Program Files\MATLAB\R2022a\bin;C:\HashiCorp\Vagrant\bin;C:\ProgramData\chocolatey\bin;C:\Program Files\nodejs\;C:\Program Files (x86)\Gpg4win\..\GnuPG\bin;C:\Program Files\swipl\bin;C:\Users\JEAN SAID\.console-ninja\.bin;C:\Users\JEAN SAID\AppData\Local\Programs\Python\Python311\Scripts\;C:\Users\JEAN SAID\AppData\Local\Programs\Python\Python311\;C:\Ruby31-x64\bin;C:\Users\JEAN SAID\AppData\Local\Microsoft\WindowsApps;C:\Users\JEAN SAID\AppData\Local\Programs\Microsoft VS Code\bin;C:\Users\JEAN SAID\AppData\Roaming\Composer\vendor\bin;C:\Users\JEAN SAID\AppData\Roaming\npm;C:\ghcup\bin

Yarn version: 
  1.22.19

Node version: 
  18.13.0

Platform: 
  win32 x64

Trace: 
  Error: https://registry.yarnpkg.com/axious: Not found
      at params.callback [as _callback] (C:\Users\JEAN SAID\AppData\Roaming\npm\node_modules\yarn\lib\cli.js:66145:18)
      at self.callback (C:\Users\JEAN SAID\AppData\Roaming\npm\node_modules\yarn\lib\cli.js:140890:22)
      at Request.emit (node:events:513:28)
      at Request.<anonymous> (C:\Users\JEAN SAID\AppData\Roaming\npm\node_modules\yarn\lib\cli.js:141862:10)
      at Request.emit (node:events:513:28)
      at IncomingMessage.<anonymous> (C:\Users\JEAN SAID\AppData\Roaming\npm\node_modules\yarn\lib\cli.js:141784:12)
      at Object.onceWrapper (node:events:627:28)
      at IncomingMessage.emit (node:events:525:35)
      at endReadableNT (node:internal/streams/readable:1359:12)
      at process.processTicksAndRejections (node:internal/process/task_queues:82:21)

npm manifest: 
  {
    "name": "server-project",
    "version": "1.0.0",
    "description": "",
    "main": "config.js",
    "scripts": {
      "sart": "node undex.js",
      "dev": "nodemon index.js",
      "test": "echo \"Error: no test specified\" && exit 1"
    },
    "keywords": [],
    "author": "",
    "license": "ISC",
    "dependencies": {
      "bcrypt": "^5.1.0",
      "bcrypt-nodejs": "^0.0.3",
      "bcryptjs": "^2.4.3",
      "body-parser": "^1.20.2",
      "connect-multiparty": "^2.2.0",
      "cors": "^2.8.5",
      "express": "^4.18.2",
      "jsonwebtoken": "^9.0.0",
      "multi-part": "^4.0.0"
    },
    "devDependencies": {
      "mongoose": "^7.0.5",
      "nodemon": "^2.0.22"
    }
  }

yarn manifest: 
  No manifest

Lockfile: 
  No lockfile
